Determining if the pthread_create exist failed with the following output:
Change Dir: /home/gogochiou/NTHUproject_ws/src/robot_main/build/CMakeFiles/CMakeTmp

Run Build Command:"/usr/bin/make" "cmTC_83cba/fast"
/usr/bin/make -f CMakeFiles/cmTC_83cba.dir/build.make CMakeFiles/cmTC_83cba.dir/build
make[1]: Entering directory '/home/gogochiou/NTHUproject_ws/src/robot_main/build/CMakeFiles/CMakeTmp'
Building C object CMakeFiles/cmTC_83cba.dir/CheckSymbolExists.c.o
/usr/bin/x86_64-linux-gnu-gcc-7    -o CMakeFiles/cmTC_83cba.dir/CheckSymbolExists.c.o   -c /home/gogochiou/NTHUproject_ws/src/robot_main/build/CMakeFiles/CMakeTmp/CheckSymbolExists.c
Linking C executable cmTC_83cba
/usr/bin/cmake -E cmake_link_script CMakeFiles/cmTC_83cba.dir/link.txt --verbose=1
/usr/bin/x86_64-linux-gnu-gcc-7      -rdynamic CMakeFiles/cmTC_83cba.dir/CheckSymbolExists.c.o  -o cmTC_83cba 
CMakeFiles/cmTC_83cba.dir/CheckSymbolExists.c.o: In function `main':
CheckSymbolExists.c:(.text+0x1b): undefined reference to `pthread_create'
collect2: error: ld returned 1 exit status
CMakeFiles/cmTC_83cba.dir/build.make:97: recipe for target 'cmTC_83cba' failed
make[1]: *** [cmTC_83cba] Error 1
make[1]: Leaving directory '/home/gogochiou/NTHUproject_ws/src/robot_main/build/CMakeFiles/CMakeTmp'
Makefile:126: recipe for target 'cmTC_83cba/fast' failed
make: *** [cmTC_83cba/fast] Error 2

File /home/gogochiou/NTHUproject_ws/src/robot_main/build/CMakeFiles/CMakeTmp/CheckSymbolExists.c:
/* */
#include <pthread.h>

int main(int argc, char** argv)
{
  (void)argv;
#ifndef pthread_create
  return ((int*)(&pthread_create))[argc];
#else
  (void)argc;
  return 0;
#endif
}

Determining if the function pthread_create exists in the pthreads failed with the following output:
Change Dir: /home/gogochiou/NTHUproject_ws/src/robot_main/build/CMakeFiles/CMakeTmp

Run Build Command:"/usr/bin/make" "cmTC_f388f/fast"
/usr/bin/make -f CMakeFiles/cmTC_f388f.dir/build.make CMakeFiles/cmTC_f388f.dir/build
make[1]: Entering directory '/home/gogochiou/NTHUproject_ws/src/robot_main/build/CMakeFiles/CMakeTmp'
Building C object CMakeFiles/cmTC_f388f.dir/CheckFunctionExists.c.o
/usr/bin/x86_64-linux-gnu-gcc-7   -DCHECK_FUNCTION_EXISTS=pthread_create   -o CMakeFiles/cmTC_f388f.dir/CheckFunctionExists.c.o   -c /usr/share/cmake-3.10/Modules/CheckFunctionExists.c
Linking C executable cmTC_f388f
/usr/bin/cmake -E cmake_link_script CMakeFiles/cmTC_f388f.dir/link.txt --verbose=1
/usr/bin/x86_64-linux-gnu-gcc-7  -DCHECK_FUNCTION_EXISTS=pthread_create    -rdynamic CMakeFiles/cmTC_f388f.dir/CheckFunctionExists.c.o  -o cmTC_f388f -lpthreads 
/usr/bin/ld: cannot find -lpthreads
collect2: error: ld returned 1 exit status
CMakeFiles/cmTC_f388f.dir/build.make:97: recipe for target 'cmTC_f388f' failed
make[1]: *** [cmTC_f388f] Error 1
make[1]: Leaving directory '/home/gogochiou/NTHUproject_ws/src/robot_main/build/CMakeFiles/CMakeTmp'
Makefile:126: recipe for target 'cmTC_f388f/fast' failed
make: *** [cmTC_f388f/fast] Error 2


