Determining if the pthread_create exist failed with the following output:
Change Dir: /home/gogochiou/NTHUproject_ws/build/CMakeFiles/CMakeTmp

Run Build Command:"/usr/bin/make" "cmTC_33f3f/fast"
/usr/bin/make -f CMakeFiles/cmTC_33f3f.dir/build.make CMakeFiles/cmTC_33f3f.dir/build
make[1]: Entering directory '/home/gogochiou/NTHUproject_ws/build/CMakeFiles/CMakeTmp'
Building C object CMakeFiles/cmTC_33f3f.dir/CheckSymbolExists.c.o
/usr/bin/cc    -o CMakeFiles/cmTC_33f3f.dir/CheckSymbolExists.c.o   -c /home/gogochiou/NTHUproject_ws/build/CMakeFiles/CMakeTmp/CheckSymbolExists.c
Linking C executable cmTC_33f3f
/usr/bin/cmake -E cmake_link_script CMakeFiles/cmTC_33f3f.dir/link.txt --verbose=1
/usr/bin/cc      -rdynamic CMakeFiles/cmTC_33f3f.dir/CheckSymbolExists.c.o  -o cmTC_33f3f 
CMakeFiles/cmTC_33f3f.dir/CheckSymbolExists.c.o: In function `main':
CheckSymbolExists.c:(.text+0x1b): undefined reference to `pthread_create'
collect2: error: ld returned 1 exit status
CMakeFiles/cmTC_33f3f.dir/build.make:97: recipe for target 'cmTC_33f3f' failed
make[1]: *** [cmTC_33f3f] Error 1
make[1]: Leaving directory '/home/gogochiou/NTHUproject_ws/build/CMakeFiles/CMakeTmp'
Makefile:126: recipe for target 'cmTC_33f3f/fast' failed
make: *** [cmTC_33f3f/fast] Error 2

File /home/gogochiou/NTHUproject_ws/build/CMakeFiles/CMakeTmp/CheckSymbolExists.c:
/* */
#include <pthread.h>

int main(int argc, char** argv)
{
  (void)argv;
#ifndef pthread_create
  return ((int*)(&pthread_create))[argc];
#else
  (void)argc;
  return 0;
#endif
}

Determining if the function pthread_create exists in the pthreads failed with the following output:
Change Dir: /home/gogochiou/NTHUproject_ws/build/CMakeFiles/CMakeTmp

Run Build Command:"/usr/bin/make" "cmTC_29a62/fast"
/usr/bin/make -f CMakeFiles/cmTC_29a62.dir/build.make CMakeFiles/cmTC_29a62.dir/build
make[1]: Entering directory '/home/gogochiou/NTHUproject_ws/build/CMakeFiles/CMakeTmp'
Building C object CMakeFiles/cmTC_29a62.dir/CheckFunctionExists.c.o
/usr/bin/cc   -DCHECK_FUNCTION_EXISTS=pthread_create   -o CMakeFiles/cmTC_29a62.dir/CheckFunctionExists.c.o   -c /usr/share/cmake-3.10/Modules/CheckFunctionExists.c
Linking C executable cmTC_29a62
/usr/bin/cmake -E cmake_link_script CMakeFiles/cmTC_29a62.dir/link.txt --verbose=1
/usr/bin/cc  -DCHECK_FUNCTION_EXISTS=pthread_create    -rdynamic CMakeFiles/cmTC_29a62.dir/CheckFunctionExists.c.o  -o cmTC_29a62 -lpthreads 
/usr/bin/ld: cannot find -lpthreads
collect2: error: ld returned 1 exit status
CMakeFiles/cmTC_29a62.dir/build.make:97: recipe for target 'cmTC_29a62' failed
make[1]: *** [cmTC_29a62] Error 1
make[1]: Leaving directory '/home/gogochiou/NTHUproject_ws/build/CMakeFiles/CMakeTmp'
Makefile:126: recipe for target 'cmTC_29a62/fast' failed
make: *** [cmTC_29a62/fast] Error 2


Determining if the include file pgm.h exists failed with the following output:
Change Dir: /home/gogochiou/NTHUproject_ws/build/CMakeFiles/CMakeTmp

Run Build Command:"/usr/bin/make" "cmTC_dc616/fast"
/usr/bin/make -f CMakeFiles/cmTC_dc616.dir/build.make CMakeFiles/cmTC_dc616.dir/build
make[1]: Entering directory '/home/gogochiou/NTHUproject_ws/build/CMakeFiles/CMakeTmp'
Building CXX object CMakeFiles/cmTC_dc616.dir/CheckIncludeFile.cxx.o
/usr/bin/c++     -o CMakeFiles/cmTC_dc616.dir/CheckIncludeFile.cxx.o -c /home/gogochiou/NTHUproject_ws/build/CMakeFiles/CMakeTmp/CheckIncludeFile.cxx
/home/gogochiou/NTHUproject_ws/build/CMakeFiles/CMakeTmp/CheckIncludeFile.cxx:1:10: fatal error: pgm.h: No such file or directory
 #include <pgm.h>
          ^~~~~~~
compilation terminated.
CMakeFiles/cmTC_dc616.dir/build.make:65: recipe for target 'CMakeFiles/cmTC_dc616.dir/CheckIncludeFile.cxx.o' failed
make[1]: *** [CMakeFiles/cmTC_dc616.dir/CheckIncludeFile.cxx.o] Error 1
make[1]: Leaving directory '/home/gogochiou/NTHUproject_ws/build/CMakeFiles/CMakeTmp'
Makefile:126: recipe for target 'cmTC_dc616/fast' failed
make: *** [cmTC_dc616/fast] Error 2


